{"D:\\sw2-main\\sw2-main\\sw2-main\\routes\\app.js": {"path":"D:\\sw2-main\\sw2-main\\sw2-main\\routes\\app.js","statementMap":{"0":{"start":{"line":1,"column":16},"end":{"line":1,"column":34}},"1":{"start":{"line":2,"column":15},"end":{"line":2,"column":32}},"2":{"start":{"line":3,"column":13},"end":{"line":3,"column":28}},"3":{"start":{"line":4,"column":19},"end":{"line":4,"column":36}},"4":{"start":{"line":5,"column":37},"end":{"line":5,"column":76}},"5":{"start":{"line":7,"column":0},"end":{"line":7,"column":16}},"6":{"start":{"line":9,"column":12},"end":{"line":9,"column":21}},"7":{"start":{"line":12,"column":0},"end":{"line":12,"column":24}},"8":{"start":{"line":13,"column":0},"end":{"line":13,"column":49}},"9":{"start":{"line":16,"column":0},"end":{"line":16,"column":56}},"10":{"start":{"line":17,"column":0},"end":{"line":17,"column":76}},"11":{"start":{"line":20,"column":0},"end":{"line":20,"column":33}},"12":{"start":{"line":21,"column":0},"end":{"line":21,"column":45}},"13":{"start":{"line":22,"column":0},"end":{"line":22,"column":47}},"14":{"start":{"line":24,"column":0},"end":{"line":26,"column":3}},"15":{"start":{"line":25,"column":2},"end":{"line":25,"column":38}},"16":{"start":{"line":28,"column":0},"end":{"line":30,"column":3}},"17":{"start":{"line":29,"column":2},"end":{"line":29,"column":44}},"18":{"start":{"line":32,"column":0},"end":{"line":34,"column":3}},"19":{"start":{"line":33,"column":2},"end":{"line":33,"column":61}},"20":{"start":{"line":36,"column":0},"end":{"line":36,"column":21}}},"fnMap":{"0":{"name":"(anonymous_0)","decl":{"start":{"line":24,"column":41},"end":{"line":24,"column":42}},"loc":{"start":{"line":24,"column":55},"end":{"line":26,"column":1}},"line":24},"1":{"name":"(anonymous_1)","decl":{"start":{"line":28,"column":59},"end":{"line":28,"column":60}},"loc":{"start":{"line":28,"column":73},"end":{"line":30,"column":1}},"line":28},"2":{"name":"(anonymous_2)","decl":{"start":{"line":32,"column":13},"end":{"line":32,"column":14}},"loc":{"start":{"line":32,"column":27},"end":{"line":34,"column":1}},"line":32}},"branchMap":{},"s":{"0":4,"1":4,"2":4,"3":4,"4":4,"5":4,"6":4,"7":4,"8":4,"9":4,"10":4,"11":4,"12":4,"13":4,"14":4,"15":1,"16":4,"17":1,"18":4,"19":1,"20":4},"f":{"0":1,"1":1,"2":1},"b":{},"_coverageSchema":"1a1c01bbd47fc00a2c39e90264f33305004495a9","hash":"ce60a67945f83be09de2bd91203c5a1be01d20aa"}
,"D:\\sw2-main\\sw2-main\\sw2-main\\routes\\auth.js": {"path":"D:\\sw2-main\\sw2-main\\sw2-main\\routes\\auth.js","statementMap":{"0":{"start":{"line":1,"column":16},"end":{"line":1,"column":34}},"1":{"start":{"line":2,"column":15},"end":{"line":2,"column":34}},"2":{"start":{"line":3,"column":12},"end":{"line":3,"column":35}},"3":{"start":{"line":4,"column":18},"end":{"line":4,"column":38}},"4":{"start":{"line":5,"column":18},"end":{"line":5,"column":47}},"5":{"start":{"line":6,"column":13},"end":{"line":6,"column":38}},"6":{"start":{"line":7,"column":15},"end":{"line":7,"column":31}},"7":{"start":{"line":8,"column":0},"end":{"line":8,"column":27}},"8":{"start":{"line":11,"column":21},"end":{"line":16,"column":2}},"9":{"start":{"line":19,"column":18},"end":{"line":26,"column":1}},"10":{"start":{"line":20,"column":2},"end":{"line":25,"column":4}},"11":{"start":{"line":21,"column":4},"end":{"line":23,"column":5}},"12":{"start":{"line":22,"column":6},"end":{"line":22,"column":56}},"13":{"start":{"line":24,"column":4},"end":{"line":24,"column":11}},"14":{"start":{"line":29,"column":0},"end":{"line":73,"column":3}},"15":{"start":{"line":30,"column":2},"end":{"line":72,"column":3}},"16":{"start":{"line":31,"column":53},"end":{"line":31,"column":61}},"17":{"start":{"line":34,"column":4},"end":{"line":36,"column":5}},"18":{"start":{"line":35,"column":6},"end":{"line":35,"column":73}},"19":{"start":{"line":39,"column":4},"end":{"line":47,"column":5}},"20":{"start":{"line":46,"column":6},"end":{"line":46,"column":67}},"21":{"start":{"line":49,"column":25},"end":{"line":49,"column":54}},"22":{"start":{"line":50,"column":4},"end":{"line":52,"column":5}},"23":{"start":{"line":51,"column":6},"end":{"line":51,"column":66}},"24":{"start":{"line":54,"column":27},"end":{"line":54,"column":58}},"25":{"start":{"line":56,"column":20},"end":{"line":62,"column":6}},"26":{"start":{"line":64,"column":4},"end":{"line":64,"column":25}},"27":{"start":{"line":66,"column":18},"end":{"line":66,"column":106}},"28":{"start":{"line":68,"column":4},"end":{"line":68,"column":73}},"29":{"start":{"line":70,"column":4},"end":{"line":70,"column":48}},"30":{"start":{"line":71,"column":4},"end":{"line":71,"column":50}},"31":{"start":{"line":76,"column":0},"end":{"line":114,"column":3}},"32":{"start":{"line":77,"column":2},"end":{"line":113,"column":3}},"33":{"start":{"line":78,"column":32},"end":{"line":78,"column":40}},"34":{"start":{"line":80,"column":17},"end":{"line":80,"column":61}},"35":{"start":{"line":81,"column":4},"end":{"line":83,"column":5}},"36":{"start":{"line":82,"column":6},"end":{"line":82,"column":66}},"37":{"start":{"line":85,"column":20},"end":{"line":85,"column":65}},"38":{"start":{"line":86,"column":4},"end":{"line":88,"column":5}},"39":{"start":{"line":87,"column":6},"end":{"line":87,"column":66}},"40":{"start":{"line":91,"column":4},"end":{"line":100,"column":5}},"41":{"start":{"line":93,"column":20},"end":{"line":93,"column":106}},"42":{"start":{"line":94,"column":6},"end":{"line":99,"column":9}},"43":{"start":{"line":103,"column":18},"end":{"line":103,"column":103}},"44":{"start":{"line":104,"column":4},"end":{"line":109,"column":7}},"45":{"start":{"line":111,"column":4},"end":{"line":111,"column":42}},"46":{"start":{"line":112,"column":4},"end":{"line":112,"column":50}},"47":{"start":{"line":117,"column":22},"end":{"line":127,"column":1}},"48":{"start":{"line":118,"column":16},"end":{"line":118,"column":67}},"49":{"start":{"line":119,"column":2},"end":{"line":119,"column":72}},"50":{"start":{"line":119,"column":14},"end":{"line":119,"column":72}},"51":{"start":{"line":121,"column":2},"end":{"line":126,"column":3}},"52":{"start":{"line":122,"column":4},"end":{"line":122,"column":57}},"53":{"start":{"line":123,"column":4},"end":{"line":123,"column":11}},"54":{"start":{"line":125,"column":4},"end":{"line":125,"column":51}},"55":{"start":{"line":130,"column":0},"end":{"line":146,"column":3}},"56":{"start":{"line":131,"column":2},"end":{"line":145,"column":3}},"57":{"start":{"line":132,"column":4},"end":{"line":134,"column":5}},"58":{"start":{"line":133,"column":6},"end":{"line":133,"column":66}},"59":{"start":{"line":136,"column":21},"end":{"line":136,"column":75}},"60":{"start":{"line":137,"column":4},"end":{"line":139,"column":5}},"61":{"start":{"line":138,"column":6},"end":{"line":138,"column":61}},"62":{"start":{"line":141,"column":4},"end":{"line":141,"column":23}},"63":{"start":{"line":143,"column":4},"end":{"line":143,"column":55}},"64":{"start":{"line":144,"column":4},"end":{"line":144,"column":50}},"65":{"start":{"line":148,"column":0},"end":{"line":148,"column":24}}},"fnMap":{"0":{"name":"(anonymous_0)","decl":{"start":{"line":19,"column":18},"end":{"line":19,"column":19}},"loc":{"start":{"line":19,"column":29},"end":{"line":26,"column":1}},"line":19},"1":{"name":"(anonymous_1)","decl":{"start":{"line":20,"column":9},"end":{"line":20,"column":10}},"loc":{"start":{"line":20,"column":29},"end":{"line":25,"column":3}},"line":20},"2":{"name":"(anonymous_2)","decl":{"start":{"line":29,"column":25},"end":{"line":29,"column":26}},"loc":{"start":{"line":29,"column":45},"end":{"line":73,"column":1}},"line":29},"3":{"name":"(anonymous_3)","decl":{"start":{"line":76,"column":36},"end":{"line":76,"column":37}},"loc":{"start":{"line":76,"column":56},"end":{"line":114,"column":1}},"line":76},"4":{"name":"(anonymous_4)","decl":{"start":{"line":117,"column":22},"end":{"line":117,"column":23}},"loc":{"start":{"line":117,"column":42},"end":{"line":127,"column":1}},"line":117},"5":{"name":"(anonymous_5)","decl":{"start":{"line":130,"column":40},"end":{"line":130,"column":41}},"loc":{"start":{"line":130,"column":60},"end":{"line":146,"column":1}},"line":130}},"branchMap":{"0":{"loc":{"start":{"line":21,"column":4},"end":{"line":23,"column":5}},"type":"if","locations":[{"start":{"line":21,"column":4},"end":{"line":23,"column":5}},{"start":{},"end":{}}],"line":21},"1":{"loc":{"start":{"line":34,"column":4},"end":{"line":36,"column":5}},"type":"if","locations":[{"start":{"line":34,"column":4},"end":{"line":36,"column":5}},{"start":{},"end":{}}],"line":34},"2":{"loc":{"start":{"line":34,"column":8},"end":{"line":34,"column":77}},"type":"binary-expr","locations":[{"start":{"line":34,"column":8},"end":{"line":34,"column":33}},{"start":{"line":34,"column":37},"end":{"line":34,"column":77}}],"line":34},"3":{"loc":{"start":{"line":39,"column":4},"end":{"line":47,"column":5}},"type":"if","locations":[{"start":{"line":39,"column":4},"end":{"line":47,"column":5}},{"start":{},"end":{}}],"line":39},"4":{"loc":{"start":{"line":40,"column":6},"end":{"line":44,"column":34}},"type":"binary-expr","locations":[{"start":{"line":40,"column":6},"end":{"line":40,"column":25}},{"start":{"line":41,"column":6},"end":{"line":41,"column":29}},{"start":{"line":42,"column":6},"end":{"line":42,"column":29}},{"start":{"line":43,"column":6},"end":{"line":43,"column":29}},{"start":{"line":44,"column":6},"end":{"line":44,"column":34}}],"line":40},"5":{"loc":{"start":{"line":50,"column":4},"end":{"line":52,"column":5}},"type":"if","locations":[{"start":{"line":50,"column":4},"end":{"line":52,"column":5}},{"start":{},"end":{}}],"line":50},"6":{"loc":{"start":{"line":81,"column":4},"end":{"line":83,"column":5}},"type":"if","locations":[{"start":{"line":81,"column":4},"end":{"line":83,"column":5}},{"start":{},"end":{}}],"line":81},"7":{"loc":{"start":{"line":86,"column":4},"end":{"line":88,"column":5}},"type":"if","locations":[{"start":{"line":86,"column":4},"end":{"line":88,"column":5}},{"start":{},"end":{}}],"line":86},"8":{"loc":{"start":{"line":91,"column":4},"end":{"line":100,"column":5}},"type":"if","locations":[{"start":{"line":91,"column":4},"end":{"line":100,"column":5}},{"start":{},"end":{}}],"line":91},"9":{"loc":{"start":{"line":119,"column":2},"end":{"line":119,"column":72}},"type":"if","locations":[{"start":{"line":119,"column":2},"end":{"line":119,"column":72}},{"start":{},"end":{}}],"line":119},"10":{"loc":{"start":{"line":132,"column":4},"end":{"line":134,"column":5}},"type":"if","locations":[{"start":{"line":132,"column":4},"end":{"line":134,"column":5}},{"start":{},"end":{}}],"line":132},"11":{"loc":{"start":{"line":137,"column":4},"end":{"line":139,"column":5}},"type":"if","locations":[{"start":{"line":137,"column":4},"end":{"line":139,"column":5}},{"start":{},"end":{}}],"line":137}},"s":{"0":5,"1":5,"2":5,"3":5,"4":5,"5":5,"6":5,"7":5,"8":5,"9":5,"10":0,"11":0,"12":0,"13":0,"14":5,"15":3,"16":3,"17":3,"18":1,"19":2,"20":1,"21":1,"22":1,"23":0,"24":1,"25":1,"26":1,"27":1,"28":1,"29":0,"30":0,"31":5,"32":7,"33":7,"34":7,"35":7,"36":3,"37":4,"38":4,"39":3,"40":1,"41":0,"42":0,"43":1,"44":1,"45":0,"46":0,"47":5,"48":4,"49":4,"50":1,"51":3,"52":3,"53":2,"54":1,"55":5,"56":2,"57":2,"58":1,"59":1,"60":1,"61":0,"62":1,"63":0,"64":0,"65":5},"f":{"0":0,"1":0,"2":3,"3":7,"4":4,"5":2},"b":{"0":[0,0],"1":[1,2],"2":[3,2],"3":[1,1],"4":[2,1,1,1,1],"5":[0,1],"6":[3,4],"7":[3,1],"8":[0,1],"9":[1,3],"10":[1,1],"11":[0,1]},"_coverageSchema":"1a1c01bbd47fc00a2c39e90264f33305004495a9","hash":"4646695698f7580b5da563bbfd2afd2c5fd1b5c7"}
,"D:\\sw2-main\\sw2-main\\sw2-main\\routes\\cartRoute.js": {"path":"D:\\sw2-main\\sw2-main\\sw2-main\\routes\\cartRoute.js","statementMap":{"0":{"start":{"line":1,"column":16},"end":{"line":1,"column":34}},"1":{"start":{"line":2,"column":15},"end":{"line":2,"column":31}},"2":{"start":{"line":3,"column":47},"end":{"line":3,"column":80}},"3":{"start":{"line":5,"column":0},"end":{"line":12,"column":3}},"4":{"start":{"line":6,"column":2},"end":{"line":11,"column":3}},"5":{"start":{"line":7,"column":17},"end":{"line":7,"column":42}},"6":{"start":{"line":8,"column":4},"end":{"line":8,"column":82}},"7":{"start":{"line":10,"column":4},"end":{"line":10,"column":53}},"8":{"start":{"line":14,"column":0},"end":{"line":21,"column":3}},"9":{"start":{"line":15,"column":2},"end":{"line":20,"column":3}},"10":{"start":{"line":16,"column":17},"end":{"line":16,"column":49}},"11":{"start":{"line":17,"column":4},"end":{"line":17,"column":35}},"12":{"start":{"line":19,"column":4},"end":{"line":19,"column":53}},"13":{"start":{"line":23,"column":0},"end":{"line":30,"column":3}},"14":{"start":{"line":24,"column":2},"end":{"line":29,"column":3}},"15":{"start":{"line":25,"column":17},"end":{"line":25,"column":74}},"16":{"start":{"line":26,"column":4},"end":{"line":26,"column":73}},"17":{"start":{"line":28,"column":4},"end":{"line":28,"column":53}},"18":{"start":{"line":32,"column":0},"end":{"line":32,"column":24}}},"fnMap":{"0":{"name":"(anonymous_0)","decl":{"start":{"line":5,"column":20},"end":{"line":5,"column":21}},"loc":{"start":{"line":5,"column":40},"end":{"line":12,"column":1}},"line":5},"1":{"name":"(anonymous_1)","decl":{"start":{"line":14,"column":23},"end":{"line":14,"column":24}},"loc":{"start":{"line":14,"column":43},"end":{"line":21,"column":1}},"line":14},"2":{"name":"(anonymous_2)","decl":{"start":{"line":23,"column":25},"end":{"line":23,"column":26}},"loc":{"start":{"line":23,"column":45},"end":{"line":30,"column":1}},"line":23}},"branchMap":{},"s":{"0":5,"1":5,"2":5,"3":5,"4":2,"5":2,"6":1,"7":1,"8":5,"9":2,"10":2,"11":1,"12":1,"13":5,"14":2,"15":2,"16":1,"17":1,"18":5},"f":{"0":2,"1":2,"2":2},"b":{},"_coverageSchema":"1a1c01bbd47fc00a2c39e90264f33305004495a9","hash":"d6fe473c0207993290268b790e03500f489aa219"}
,"D:\\sw2-main\\sw2-main\\sw2-main\\routes\\product.js": {"path":"D:\\sw2-main\\sw2-main\\sw2-main\\routes\\product.js","statementMap":{"0":{"start":{"line":2,"column":16},"end":{"line":2,"column":34}},"1":{"start":{"line":3,"column":15},"end":{"line":3,"column":32}},"2":{"start":{"line":4,"column":13},"end":{"line":4,"column":28}},"3":{"start":{"line":5,"column":16},"end":{"line":5,"column":44}},"4":{"start":{"line":6,"column":15},"end":{"line":6,"column":31}},"5":{"start":{"line":9,"column":16},"end":{"line":18,"column":2}},"6":{"start":{"line":11,"column":4},"end":{"line":11,"column":32}},"7":{"start":{"line":14,"column":16},"end":{"line":14,"column":47}},"8":{"start":{"line":15,"column":21},"end":{"line":15,"column":37}},"9":{"start":{"line":16,"column":4},"end":{"line":16,"column":23}},"10":{"start":{"line":20,"column":15},"end":{"line":20,"column":34}},"11":{"start":{"line":23,"column":0},"end":{"line":42,"column":3}},"12":{"start":{"line":24,"column":2},"end":{"line":41,"column":3}},"13":{"start":{"line":25,"column":51},"end":{"line":25,"column":59}},"14":{"start":{"line":26,"column":18},"end":{"line":26,"column":65}},"15":{"start":{"line":28,"column":23},"end":{"line":34,"column":6}},"16":{"start":{"line":36,"column":4},"end":{"line":36,"column":28}},"17":{"start":{"line":37,"column":4},"end":{"line":37,"column":85}},"18":{"start":{"line":39,"column":4},"end":{"line":39,"column":48}},"19":{"start":{"line":40,"column":4},"end":{"line":40,"column":50}},"20":{"start":{"line":45,"column":0},"end":{"line":53,"column":3}},"21":{"start":{"line":46,"column":2},"end":{"line":52,"column":3}},"22":{"start":{"line":47,"column":21},"end":{"line":47,"column":41}},"23":{"start":{"line":48,"column":4},"end":{"line":48,"column":23}},"24":{"start":{"line":50,"column":4},"end":{"line":50,"column":51}},"25":{"start":{"line":51,"column":4},"end":{"line":51,"column":50}},"26":{"start":{"line":56,"column":0},"end":{"line":83,"column":3}},"27":{"start":{"line":57,"column":2},"end":{"line":82,"column":3}},"28":{"start":{"line":58,"column":51},"end":{"line":58,"column":59}},"29":{"start":{"line":59,"column":18},"end":{"line":59,"column":67}},"30":{"start":{"line":62,"column":25},"end":{"line":62,"column":63}},"31":{"start":{"line":63,"column":4},"end":{"line":65,"column":5}},"32":{"start":{"line":64,"column":6},"end":{"line":64,"column":33}},"33":{"start":{"line":68,"column":27},"end":{"line":72,"column":5}},"34":{"start":{"line":74,"column":4},"end":{"line":76,"column":5}},"35":{"start":{"line":75,"column":6},"end":{"line":75,"column":64}},"36":{"start":{"line":78,"column":4},"end":{"line":78,"column":79}},"37":{"start":{"line":80,"column":4},"end":{"line":80,"column":50}},"38":{"start":{"line":81,"column":4},"end":{"line":81,"column":50}},"39":{"start":{"line":86,"column":0},"end":{"line":97,"column":3}},"40":{"start":{"line":87,"column":2},"end":{"line":96,"column":3}},"41":{"start":{"line":88,"column":19},"end":{"line":88,"column":65}},"42":{"start":{"line":89,"column":4},"end":{"line":91,"column":5}},"43":{"start":{"line":90,"column":6},"end":{"line":90,"column":64}},"44":{"start":{"line":92,"column":4},"end":{"line":92,"column":54}},"45":{"start":{"line":94,"column":4},"end":{"line":94,"column":50}},"46":{"start":{"line":95,"column":4},"end":{"line":95,"column":50}},"47":{"start":{"line":99,"column":0},"end":{"line":99,"column":24}}},"fnMap":{"0":{"name":"(anonymous_0)","decl":{"start":{"line":10,"column":15},"end":{"line":10,"column":16}},"loc":{"start":{"line":10,"column":40},"end":{"line":12,"column":3}},"line":10},"1":{"name":"(anonymous_1)","decl":{"start":{"line":13,"column":12},"end":{"line":13,"column":13}},"loc":{"start":{"line":13,"column":37},"end":{"line":17,"column":3}},"line":13},"2":{"name":"(anonymous_2)","decl":{"start":{"line":23,"column":44},"end":{"line":23,"column":45}},"loc":{"start":{"line":23,"column":64},"end":{"line":42,"column":1}},"line":23},"3":{"name":"(anonymous_3)","decl":{"start":{"line":45,"column":16},"end":{"line":45,"column":17}},"loc":{"start":{"line":45,"column":36},"end":{"line":53,"column":1}},"line":45},"4":{"name":"(anonymous_4)","decl":{"start":{"line":56,"column":43},"end":{"line":56,"column":44}},"loc":{"start":{"line":56,"column":63},"end":{"line":83,"column":1}},"line":56},"5":{"name":"(anonymous_5)","decl":{"start":{"line":86,"column":22},"end":{"line":86,"column":23}},"loc":{"start":{"line":86,"column":42},"end":{"line":97,"column":1}},"line":86}},"branchMap":{"0":{"loc":{"start":{"line":26,"column":18},"end":{"line":26,"column":65}},"type":"cond-expr","locations":[{"start":{"line":26,"column":29},"end":{"line":26,"column":60}},{"start":{"line":26,"column":63},"end":{"line":26,"column":65}}],"line":26},"1":{"loc":{"start":{"line":59,"column":18},"end":{"line":59,"column":67}},"type":"cond-expr","locations":[{"start":{"line":59,"column":29},"end":{"line":59,"column":60}},{"start":{"line":59,"column":63},"end":{"line":59,"column":67}}],"line":59},"2":{"loc":{"start":{"line":63,"column":4},"end":{"line":65,"column":5}},"type":"if","locations":[{"start":{"line":63,"column":4},"end":{"line":65,"column":5}},{"start":{},"end":{}}],"line":63},"3":{"loc":{"start":{"line":74,"column":4},"end":{"line":76,"column":5}},"type":"if","locations":[{"start":{"line":74,"column":4},"end":{"line":76,"column":5}},{"start":{},"end":{}}],"line":74},"4":{"loc":{"start":{"line":89,"column":4},"end":{"line":91,"column":5}},"type":"if","locations":[{"start":{"line":89,"column":4},"end":{"line":91,"column":5}},{"start":{},"end":{}}],"line":89}},"s":{"0":4,"1":4,"2":4,"3":4,"4":4,"5":4,"6":2,"7":2,"8":2,"9":2,"10":4,"11":4,"12":2,"13":2,"14":2,"15":2,"16":2,"17":1,"18":1,"19":1,"20":4,"21":2,"22":2,"23":1,"24":1,"25":1,"26":4,"27":3,"28":3,"29":3,"30":3,"31":3,"32":0,"33":3,"34":2,"35":1,"36":1,"37":1,"38":1,"39":4,"40":3,"41":3,"42":2,"43":1,"44":1,"45":1,"46":1,"47":4},"f":{"0":2,"1":2,"2":2,"3":2,"4":3,"5":3},"b":{"0":[2,0],"1":[0,3],"2":[0,3],"3":[1,1],"4":[1,1]},"_coverageSchema":"1a1c01bbd47fc00a2c39e90264f33305004495a9","hash":"d2ea893b4684f0b6b12b1181c23d1cd9ce44d5d4"}
,"D:\\sw2-main\\sw2-main\\sw2-main\\routes\\middlewares\\authMiddleware.js": {"path":"D:\\sw2-main\\sw2-main\\sw2-main\\routes\\middlewares\\authMiddleware.js","statementMap":{"0":{"start":{"line":1,"column":12},"end":{"line":1,"column":35}},"1":{"start":{"line":2,"column":0},"end":{"line":2,"column":27}},"2":{"start":{"line":4,"column":22},"end":{"line":15,"column":1}},"3":{"start":{"line":5,"column":16},"end":{"line":5,"column":67}},"4":{"start":{"line":6,"column":2},"end":{"line":6,"column":85}},"5":{"start":{"line":6,"column":14},"end":{"line":6,"column":85}},"6":{"start":{"line":8,"column":2},"end":{"line":14,"column":3}},"7":{"start":{"line":9,"column":20},"end":{"line":9,"column":61}},"8":{"start":{"line":10,"column":4},"end":{"line":10,"column":23}},"9":{"start":{"line":11,"column":4},"end":{"line":11,"column":11}},"10":{"start":{"line":13,"column":4},"end":{"line":13,"column":56}},"11":{"start":{"line":17,"column":18},"end":{"line":24,"column":1}},"12":{"start":{"line":18,"column":2},"end":{"line":23,"column":4}},"13":{"start":{"line":19,"column":4},"end":{"line":21,"column":5}},"14":{"start":{"line":20,"column":6},"end":{"line":20,"column":56}},"15":{"start":{"line":22,"column":4},"end":{"line":22,"column":11}},"16":{"start":{"line":26,"column":0},"end":{"line":26,"column":46}}},"fnMap":{"0":{"name":"(anonymous_0)","decl":{"start":{"line":4,"column":22},"end":{"line":4,"column":23}},"loc":{"start":{"line":4,"column":42},"end":{"line":15,"column":1}},"line":4},"1":{"name":"(anonymous_1)","decl":{"start":{"line":17,"column":18},"end":{"line":17,"column":19}},"loc":{"start":{"line":17,"column":29},"end":{"line":24,"column":1}},"line":17},"2":{"name":"(anonymous_2)","decl":{"start":{"line":18,"column":9},"end":{"line":18,"column":10}},"loc":{"start":{"line":18,"column":29},"end":{"line":23,"column":3}},"line":18}},"branchMap":{"0":{"loc":{"start":{"line":6,"column":2},"end":{"line":6,"column":85}},"type":"if","locations":[{"start":{"line":6,"column":2},"end":{"line":6,"column":85}},{"start":{},"end":{}}],"line":6},"1":{"loc":{"start":{"line":19,"column":4},"end":{"line":21,"column":5}},"type":"if","locations":[{"start":{"line":19,"column":4},"end":{"line":21,"column":5}},{"start":{},"end":{}}],"line":19}},"s":{"0":4,"1":4,"2":4,"3":5,"4":5,"5":1,"6":4,"7":4,"8":3,"9":3,"10":1,"11":4,"12":4,"13":2,"14":1,"15":1,"16":4},"f":{"0":5,"1":4,"2":2},"b":{"0":[1,4],"1":[1,1]},"_coverageSchema":"1a1c01bbd47fc00a2c39e90264f33305004495a9","hash":"ea5a854ced3424fc7950fbe061b5f3432c3a2bd2"}
,"D:\\sw2-main\\sw2-main\\sw2-main\\routes\\models\\Admin.js": {"path":"D:\\sw2-main\\sw2-main\\sw2-main\\routes\\models\\Admin.js","statementMap":{"0":{"start":{"line":1,"column":17},"end":{"line":1,"column":36}},"1":{"start":{"line":2,"column":15},"end":{"line":2,"column":32}},"2":{"start":{"line":4,"column":20},"end":{"line":7,"column":2}},"3":{"start":{"line":10,"column":0},"end":{"line":14,"column":3}},"4":{"start":{"line":11,"column":2},"end":{"line":11,"column":50}},"5":{"start":{"line":11,"column":36},"end":{"line":11,"column":50}},"6":{"start":{"line":12,"column":2},"end":{"line":12,"column":55}},"7":{"start":{"line":13,"column":2},"end":{"line":13,"column":9}},"8":{"start":{"line":16,"column":0},"end":{"line":16,"column":54}}},"fnMap":{"0":{"name":"(anonymous_0)","decl":{"start":{"line":10,"column":24},"end":{"line":10,"column":25}},"loc":{"start":{"line":10,"column":46},"end":{"line":14,"column":1}},"line":10}},"branchMap":{"0":{"loc":{"start":{"line":11,"column":2},"end":{"line":11,"column":50}},"type":"if","locations":[{"start":{"line":11,"column":2},"end":{"line":11,"column":50}},{"start":{},"end":{}}],"line":11}},"s":{"0":1,"1":1,"2":1,"3":1,"4":3,"5":1,"6":2,"7":2,"8":1},"f":{"0":3},"b":{"0":[1,2]},"_coverageSchema":"1a1c01bbd47fc00a2c39e90264f33305004495a9","hash":"191c42397b0389d789a0280b9a666d6db36c956e"}
,"D:\\sw2-main\\sw2-main\\sw2-main\\routes\\models\\cart.js": {"path":"D:\\sw2-main\\sw2-main\\sw2-main\\routes\\models\\cart.js","statementMap":{"0":{"start":{"line":1,"column":17},"end":{"line":1,"column":36}},"1":{"start":{"line":4,"column":19},"end":{"line":15,"column":24}},"2":{"start":{"line":18,"column":13},"end":{"line":18,"column":47}},"3":{"start":{"line":19,"column":0},"end":{"line":19,"column":22}}},"fnMap":{},"branchMap":{},"s":{"0":7,"1":7,"2":7,"3":7},"f":{},"b":{},"_coverageSchema":"1a1c01bbd47fc00a2c39e90264f33305004495a9","hash":"6254c726b73b4bab120aaacce28661371bc77ea3"}
,"D:\\sw2-main\\sw2-main\\sw2-main\\routes\\models\\products.js": {"path":"D:\\sw2-main\\sw2-main\\sw2-main\\routes\\models\\products.js","statementMap":{"0":{"start":{"line":1,"column":17},"end":{"line":1,"column":36}},"1":{"start":{"line":3,"column":22},"end":{"line":9,"column":2}},"2":{"start":{"line":11,"column":0},"end":{"line":11,"column":58}}},"fnMap":{},"branchMap":{},"s":{"0":6,"1":6,"2":6},"f":{},"b":{},"_coverageSchema":"1a1c01bbd47fc00a2c39e90264f33305004495a9","hash":"71bccde47ee02f91e6df5345ccc17e2728be526a"}
,"D:\\sw2-main\\sw2-main\\sw2-main\\routes\\models\\users.js": {"path":"D:\\sw2-main\\sw2-main\\sw2-main\\routes\\models\\users.js","statementMap":{"0":{"start":{"line":1,"column":17},"end":{"line":1,"column":36}},"1":{"start":{"line":2,"column":15},"end":{"line":2,"column":32}},"2":{"start":{"line":4,"column":19},"end":{"line":27,"column":2}},"3":{"start":{"line":31,"column":0},"end":{"line":33,"column":2}},"4":{"start":{"line":32,"column":2},"end":{"line":32,"column":64}},"5":{"start":{"line":35,"column":0},"end":{"line":35,"column":52}}},"fnMap":{"0":{"name":"(anonymous_0)","decl":{"start":{"line":31,"column":37},"end":{"line":31,"column":38}},"loc":{"start":{"line":31,"column":72},"end":{"line":33,"column":1}},"line":31}},"branchMap":{},"s":{"0":8,"1":8,"2":8,"3":8,"4":2,"5":8},"f":{"0":2},"b":{},"_coverageSchema":"1a1c01bbd47fc00a2c39e90264f33305004495a9","hash":"f18cb22da197d1d1f78c78783645a4ff5e15853b"}
,"D:\\sw2-main\\sw2-main\\sw2-main\\routes\\services\\authService.js": {"path":"D:\\sw2-main\\sw2-main\\sw2-main\\routes\\services\\authService.js","statementMap":{"0":{"start":{"line":2,"column":15},"end":{"line":2,"column":34}},"1":{"start":{"line":3,"column":12},"end":{"line":3,"column":35}},"2":{"start":{"line":4,"column":13},"end":{"line":4,"column":39}},"3":{"start":{"line":7,"column":23},"end":{"line":7,"column":52}},"4":{"start":{"line":8,"column":2},"end":{"line":8,"column":59}},"5":{"start":{"line":8,"column":20},"end":{"line":8,"column":59}},"6":{"start":{"line":10,"column":25},"end":{"line":10,"column":56}},"7":{"start":{"line":11,"column":18},"end":{"line":11,"column":76}},"8":{"start":{"line":12,"column":2},"end":{"line":12,"column":23}},"9":{"start":{"line":13,"column":2},"end":{"line":13,"column":40}},"10":{"start":{"line":17,"column":15},"end":{"line":17,"column":44}},"11":{"start":{"line":18,"column":2},"end":{"line":18,"column":47}},"12":{"start":{"line":18,"column":13},"end":{"line":18,"column":47}},"13":{"start":{"line":20,"column":18},"end":{"line":20,"column":63}},"14":{"start":{"line":21,"column":2},"end":{"line":21,"column":55}},"15":{"start":{"line":21,"column":16},"end":{"line":21,"column":55}},"16":{"start":{"line":23,"column":2},"end":{"line":30,"column":3}},"17":{"start":{"line":24,"column":4},"end":{"line":26,"column":5}},"18":{"start":{"line":25,"column":6},"end":{"line":25,"column":48}},"19":{"start":{"line":28,"column":18},"end":{"line":28,"column":104}},"20":{"start":{"line":29,"column":4},"end":{"line":29,"column":85}},"21":{"start":{"line":32,"column":16},"end":{"line":32,"column":101}},"22":{"start":{"line":33,"column":2},"end":{"line":33,"column":89}},"23":{"start":{"line":36,"column":0},"end":{"line":36,"column":45}}},"fnMap":{"0":{"name":"registerUser","decl":{"start":{"line":6,"column":15},"end":{"line":6,"column":27}},"loc":{"start":{"line":6,"column":62},"end":{"line":14,"column":1}},"line":6},"1":{"name":"loginUser","decl":{"start":{"line":16,"column":15},"end":{"line":16,"column":24}},"loc":{"start":{"line":16,"column":46},"end":{"line":34,"column":1}},"line":16}},"branchMap":{"0":{"loc":{"start":{"line":8,"column":2},"end":{"line":8,"column":59}},"type":"if","locations":[{"start":{"line":8,"column":2},"end":{"line":8,"column":59}},{"start":{},"end":{}}],"line":8},"1":{"loc":{"start":{"line":18,"column":2},"end":{"line":18,"column":47}},"type":"if","locations":[{"start":{"line":18,"column":2},"end":{"line":18,"column":47}},{"start":{},"end":{}}],"line":18},"2":{"loc":{"start":{"line":21,"column":2},"end":{"line":21,"column":55}},"type":"if","locations":[{"start":{"line":21,"column":2},"end":{"line":21,"column":55}},{"start":{},"end":{}}],"line":21},"3":{"loc":{"start":{"line":23,"column":2},"end":{"line":30,"column":3}},"type":"if","locations":[{"start":{"line":23,"column":2},"end":{"line":30,"column":3}},{"start":{},"end":{}}],"line":23},"4":{"loc":{"start":{"line":24,"column":4},"end":{"line":26,"column":5}},"type":"if","locations":[{"start":{"line":24,"column":4},"end":{"line":26,"column":5}},{"start":{},"end":{}}],"line":24}},"s":{"0":1,"1":1,"2":1,"3":2,"4":2,"5":1,"6":1,"7":1,"8":1,"9":1,"10":5,"11":5,"12":1,"13":4,"14":4,"15":1,"16":3,"17":2,"18":1,"19":1,"20":1,"21":1,"22":1,"23":1},"f":{"0":2,"1":5},"b":{"0":[1,1],"1":[1,4],"2":[1,3],"3":[2,1],"4":[1,1]},"_coverageSchema":"1a1c01bbd47fc00a2c39e90264f33305004495a9","hash":"00787e58a0c4c5d03df3605a231bf9eb5ebe9b33"}
,"D:\\sw2-main\\sw2-main\\sw2-main\\routes\\services\\cartService.js": {"path":"D:\\sw2-main\\sw2-main\\sw2-main\\routes\\services\\cartService.js","statementMap":{"0":{"start":{"line":1,"column":17},"end":{"line":1,"column":36}},"1":{"start":{"line":2,"column":13},"end":{"line":2,"column":38}},"2":{"start":{"line":5,"column":2},"end":{"line":7,"column":3}},"3":{"start":{"line":6,"column":4},"end":{"line":6,"column":48}},"4":{"start":{"line":9,"column":13},"end":{"line":9,"column":80}},"5":{"start":{"line":11,"column":2},"end":{"line":35,"column":3}},"6":{"start":{"line":12,"column":4},"end":{"line":21,"column":7}},"7":{"start":{"line":23,"column":25},"end":{"line":23,"column":89}},"8":{"start":{"line":23,"column":49},"end":{"line":23,"column":88}},"9":{"start":{"line":24,"column":4},"end":{"line":34,"column":5}},"10":{"start":{"line":25,"column":6},"end":{"line":25,"column":33}},"11":{"start":{"line":27,"column":6},"end":{"line":33,"column":9}},"12":{"start":{"line":37,"column":2},"end":{"line":37,"column":20}},"13":{"start":{"line":38,"column":2},"end":{"line":38,"column":14}},"14":{"start":{"line":42,"column":15},"end":{"line":42,"column":82}},"15":{"start":{"line":43,"column":2},"end":{"line":43,"column":31}},"16":{"start":{"line":47,"column":15},"end":{"line":47,"column":82}},"17":{"start":{"line":48,"column":2},"end":{"line":48,"column":60}},"18":{"start":{"line":48,"column":13},"end":{"line":48,"column":60}},"19":{"start":{"line":50,"column":2},"end":{"line":50,"column":82}},"20":{"start":{"line":50,"column":41},"end":{"line":50,"column":80}},"21":{"start":{"line":51,"column":2},"end":{"line":51,"column":20}},"22":{"start":{"line":52,"column":2},"end":{"line":52,"column":14}},"23":{"start":{"line":55,"column":0},"end":{"line":59,"column":2}}},"fnMap":{"0":{"name":"addToCart","decl":{"start":{"line":4,"column":15},"end":{"line":4,"column":24}},"loc":{"start":{"line":4,"column":89},"end":{"line":39,"column":1}},"line":4},"1":{"name":"(anonymous_1)","decl":{"start":{"line":23,"column":41},"end":{"line":23,"column":42}},"loc":{"start":{"line":23,"column":49},"end":{"line":23,"column":88}},"line":23},"2":{"name":"getCart","decl":{"start":{"line":41,"column":15},"end":{"line":41,"column":22}},"loc":{"start":{"line":41,"column":31},"end":{"line":44,"column":1}},"line":41},"3":{"name":"removeFromCart","decl":{"start":{"line":46,"column":15},"end":{"line":46,"column":29}},"loc":{"start":{"line":46,"column":49},"end":{"line":53,"column":1}},"line":46},"4":{"name":"(anonymous_4)","decl":{"start":{"line":50,"column":33},"end":{"line":50,"column":34}},"loc":{"start":{"line":50,"column":41},"end":{"line":50,"column":80}},"line":50}},"branchMap":{"0":{"loc":{"start":{"line":5,"column":2},"end":{"line":7,"column":3}},"type":"if","locations":[{"start":{"line":5,"column":2},"end":{"line":7,"column":3}},{"start":{},"end":{}}],"line":5},"1":{"loc":{"start":{"line":5,"column":6},"end":{"line":5,"column":77}},"type":"binary-expr","locations":[{"start":{"line":5,"column":6},"end":{"line":5,"column":13}},{"start":{"line":5,"column":17},"end":{"line":5,"column":27}},{"start":{"line":5,"column":31},"end":{"line":5,"column":43}},{"start":{"line":5,"column":47},"end":{"line":5,"column":60}},{"start":{"line":5,"column":64},"end":{"line":5,"column":77}}],"line":5},"2":{"loc":{"start":{"line":11,"column":2},"end":{"line":35,"column":3}},"type":"if","locations":[{"start":{"line":11,"column":2},"end":{"line":35,"column":3}},{"start":{"line":22,"column":9},"end":{"line":35,"column":3}}],"line":11},"3":{"loc":{"start":{"line":24,"column":4},"end":{"line":34,"column":5}},"type":"if","locations":[{"start":{"line":24,"column":4},"end":{"line":34,"column":5}},{"start":{"line":26,"column":11},"end":{"line":34,"column":5}}],"line":24},"4":{"loc":{"start":{"line":43,"column":9},"end":{"line":43,"column":30}},"type":"binary-expr","locations":[{"start":{"line":43,"column":9},"end":{"line":43,"column":13}},{"start":{"line":43,"column":17},"end":{"line":43,"column":30}}],"line":43},"5":{"loc":{"start":{"line":48,"column":2},"end":{"line":48,"column":60}},"type":"if","locations":[{"start":{"line":48,"column":2},"end":{"line":48,"column":60}},{"start":{},"end":{}}],"line":48}},"s":{"0":6,"1":6,"2":4,"3":1,"4":3,"5":3,"6":1,"7":2,"8":1,"9":2,"10":1,"11":1,"12":3,"13":3,"14":2,"15":2,"16":2,"17":2,"18":1,"19":1,"20":1,"21":1,"22":1,"23":6},"f":{"0":4,"1":1,"2":2,"3":2,"4":1},"b":{"0":[1,3],"1":[4,3,3,3,3],"2":[1,2],"3":[1,1],"4":[2,1],"5":[1,1]},"_coverageSchema":"1a1c01bbd47fc00a2c39e90264f33305004495a9","hash":"464ca8d444b90ce24b67174c701dc2d9534ae29e"}
}
